  main.cpp
C:\Users\ymyma\OneDrive\Desktop\LogBuddy\LogBuddy\main.cpp(55,8): warning C4267: 'initializing': conversion from 'size_t' to 'int', possible loss of data
C:\Users\ymyma\OneDrive\Desktop\LogBuddy\LogBuddy\main.cpp(161,78): warning C4267: '=': conversion from 'size_t' to 'int', possible loss of data
C:\Users\ymyma\OneDrive\Desktop\LogBuddy\LogBuddy\main.cpp(163,58): warning C4244: '=': conversion from '_Ty' to 'long', possible loss of data
C:\Users\ymyma\OneDrive\Desktop\LogBuddy\LogBuddy\main.cpp(163,58): warning C4244:         with
C:\Users\ymyma\OneDrive\Desktop\LogBuddy\LogBuddy\main.cpp(163,58): warning C4244:         [
C:\Users\ymyma\OneDrive\Desktop\LogBuddy\LogBuddy\main.cpp(163,58): warning C4244:             _Ty=double
C:\Users\ymyma\OneDrive\Desktop\LogBuddy\LogBuddy\main.cpp(163,58): warning C4244:         ]
C:\Users\ymyma\OneDrive\Desktop\LogBuddy\LogBuddy\main.cpp(180,13): warning C4267: 'initializing': conversion from 'size_t' to 'int', possible loss of data
C:\Users\ymyma\OneDrive\Desktop\LogBuddy\LogBuddy\main.cpp(181,12): warning C4244: 'initializing': conversion from '_Ty' to 'long', possible loss of data
C:\Users\ymyma\OneDrive\Desktop\LogBuddy\LogBuddy\main.cpp(181,12): warning C4244:         with
C:\Users\ymyma\OneDrive\Desktop\LogBuddy\LogBuddy\main.cpp(181,12): warning C4244:         [
C:\Users\ymyma\OneDrive\Desktop\LogBuddy\LogBuddy\main.cpp(181,12): warning C4244:             _Ty=double
C:\Users\ymyma\OneDrive\Desktop\LogBuddy\LogBuddy\main.cpp(181,12): warning C4244:         ]
C:\Program Files\Microsoft Visual Studio\2022\Community\VC\Tools\MSVC\14.41.34120\include\utility(276,61): warning C4244: 'initializing': conversion from '_Ty' to '_Ty2', possible loss of data
C:\Program Files\Microsoft Visual Studio\2022\Community\VC\Tools\MSVC\14.41.34120\include\utility(276,61): warning C4244:         with
C:\Program Files\Microsoft Visual Studio\2022\Community\VC\Tools\MSVC\14.41.34120\include\utility(276,61): warning C4244:         [
C:\Program Files\Microsoft Visual Studio\2022\Community\VC\Tools\MSVC\14.41.34120\include\utility(276,61): warning C4244:             _Ty=double
C:\Program Files\Microsoft Visual Studio\2022\Community\VC\Tools\MSVC\14.41.34120\include\utility(276,61): warning C4244:         ]
C:\Program Files\Microsoft Visual Studio\2022\Community\VC\Tools\MSVC\14.41.34120\include\utility(276,61): warning C4244:         and
C:\Program Files\Microsoft Visual Studio\2022\Community\VC\Tools\MSVC\14.41.34120\include\utility(276,61): warning C4244:         [
C:\Program Files\Microsoft Visual Studio\2022\Community\VC\Tools\MSVC\14.41.34120\include\utility(276,61): warning C4244:             _Ty2=int
C:\Program Files\Microsoft Visual Studio\2022\Community\VC\Tools\MSVC\14.41.34120\include\utility(276,61): warning C4244:         ]
  (compiling source file 'main.cpp')
      C:\Program Files\Microsoft Visual Studio\2022\Community\VC\Tools\MSVC\14.41.34120\include\utility(276,61):
      the template instantiation context (the oldest one first) is
          C:\Users\ymyma\OneDrive\Desktop\LogBuddy\LogBuddy\main.cpp(211,36):
          see reference to function template instantiation 'std::pair<std::basic_string<char,std::char_traits<char>,std::allocator<char>>,int>::pair<std::basic_string<char,std::char_traits<char>,std::allocator<char>>,double,0>(std::pair<std::basic_string<char,std::char_traits<char>,std::allocator<char>>,double> &&) noexcept' being compiled
              C:\Users\ymyma\OneDrive\Desktop\LogBuddy\LogBuddy\main.cpp(211,26):
              see the first reference to 'std::pair<std::basic_string<char,std::char_traits<char>,std::allocator<char>>,int>::pair' in 'hashMapSortTop3'
  
  LogBuddy.vcxproj -> C:\Users\ymyma\OneDrive\Desktop\LogBuddy\x64\Debug\LogBuddy.exe
